Copyright 1986-2017 Xilinx, Inc. All Rights Reserved.
--------------------------------------------------------------------------------------------------------------------------------------------------------------------------
| Tool Version : Vivado v.2017.4 (win64) Build 2086221 Fri Dec 15 20:55:39 MST 2017
| Date         : Sat May 12 22:19:34 2018
| Host         : DESKTOP-02DUCF9 running 64-bit major release  (build 9200)
| Command      : report_methodology -file ZYBO_wrapper_methodology_drc_routed.rpt -pb ZYBO_wrapper_methodology_drc_routed.pb -rpx ZYBO_wrapper_methodology_drc_routed.rpx
| Design       : ZYBO_wrapper
| Device       : xc7z010clg400-1
| Speed File   : -1
| Design State : Routed
--------------------------------------------------------------------------------------------------------------------------------------------------------------------------

Report Methodology

Table of Contents
-----------------
1. REPORT SUMMARY
2. REPORT DETAILS

1. REPORT SUMMARY
-----------------
            Netlist: netlist
          Floorplan: design_1
      Design limits: <entire design considered>
             Max violations: <unlimited>
             Violations found: 0
+------+----------+-------------+------------+
| Rule | Severity | Description | Violations |
+------+----------+-------------+------------+
+------+----------+-------------+------------+

2. REPORT DETAILS
-----------------

