

================================================================
== Vivado HLS Report for 'TOPANN'
================================================================
* Date:           Sat May 12 21:19:58 2018

* Version:        2017.4 (Build 2086221 on Fri Dec 15 21:13:33 MST 2017)
* Project:        ANN
* Solution:       DATAFLOW
* Product family: zynq
* Target device:  xc7z010clg400-1


================================================================
== Performance Estimates
================================================================
+ Timing (ns): 
    * Summary: 
    +--------+-------+----------+------------+
    |  Clock | Target| Estimated| Uncertainty|
    +--------+-------+----------+------------+
    |ap_clk  |  10.00|      8.75|        1.25|
    +--------+-------+----------+------------+

+ Latency (clock cycles): 
    * Summary: 
    +-----+-----+-----+-----+----------+
    |  Latency  |  Interval | Pipeline |
    | min | max | min | max |   Type   |
    +-----+-----+-----+-----+----------+
    |   83|   91|   71|   79| dataflow |
    +-----+-----+-----+-----+----------+

    + Detail: 
        * Instance: 
        N/A

        * Loop: 
        N/A

============================================================
+ Verbose Summary: Synthesis Manager
============================================================
InlineROM: 1
ExposeGlobal: 0
============================================================
+ Verbose Summary: CDFG Model
============================================================
IsTopModel: 1
ResetActiveHigh: 1
IsCombinational: 2
IsDatapathOnly: 0
HasWiredReturn: 1
HasMFsm: 0
HasVarLatency: 1
IsPipeline: 0
IsRtlPipelined: 0
IsInstanceOverlapped: 0
IsDontTouch: 0
HasImplIP: 0
IsGatedGlobalClock: 0


============================================================
+ Verbose Summary: Schedule
============================================================
* Number of FSM states : 4
* Pipeline : 0
* Dataflow Pipeline: 1
  DF-Pipeline-0: Size = 4, States = { 1 2 3 4 }

* FSM state transitions: 
1 --> 
	2  / true
2 --> 
	3  / true
3 --> 
	4  / true
4 --> 

* FSM state operations: 

 <State 1> : 4.63ns
ST_1 : Operation 5 [1/1] (1.00ns)   --->   "%result_V_read = call i32 @_ssdm_op_Read.s_axilite.i32(i32 %result_V)"   --->   Core 10 's_axilite' <Latency = 0> <II = 1> <Delay = 1.00> <Adapter> <Opcode : 'read' 'write'>
ST_1 : Operation 6 [1/1] (1.00ns)   --->   "%inputs_V_read = call i32 @_ssdm_op_Read.s_axilite.i32(i32 %inputs_V)"   --->   Core 10 's_axilite' <Latency = 0> <II = 1> <Delay = 1.00> <Adapter> <Opcode : 'read' 'write'>
ST_1 : Operation 7 [1/1] (0.00ns)   --->   "%result_V_c = alloca i32, align 4"   --->   Core 32 'FIFO' <Latency = 0> <II = 1> <Delay = 3.63> <Storage> <Opcode : 'read' 'write' 'nbread' 'nbwrite'> <Ports = 0> <Width = 32> <Depth = 1> <FIFO>
ST_1 : Operation 8 [1/1] (0.00ns)   --->   "%Ainputs = alloca [3 x i32], align 4"
ST_1 : Operation 9 [2/2] (3.63ns)   --->   "call fastcc void @Loop_memcpy.Ainputs.8(i32* %p3, i32 %inputs_V_read, [3 x i32]* nocapture %Ainputs, i32 %result_V_read, i32* %result_V_c)"   --->   Core 0 '' <Latency = 0> <II = 1> <Delay = 1.00> <Generic> <Opcode : >

 <State 2> : 0.00ns
ST_2 : Operation 10 [1/2] (0.00ns)   --->   "call fastcc void @Loop_memcpy.Ainputs.8(i32* %p3, i32 %inputs_V_read, [3 x i32]* nocapture %Ainputs, i32 %result_V_read, i32* %result_V_c)"   --->   Core 0 '' <Latency = 0> <II = 1> <Delay = 1.00> <Generic> <Opcode : >

 <State 3> : 0.00ns
ST_3 : Operation 11 [2/2] (0.00ns)   --->   "call fastcc void @Loop_neuronLoop_proc([3 x i32]* nocapture %bias_V, [9 x i32]* nocapture %layerWeigth_V, [3 x i32]* nocapture %Ainputs, [3 x i32]* nocapture %outputLayerWeigth_V, [1 x i32]* nocapture %outputLayerBias_V, i32* %OUTPUTS, i32* nocapture %result_V_c)"   --->   Core 0 '' <Latency = 0> <II = 1> <Delay = 1.00> <Generic> <Opcode : >

 <State 4> : 0.00ns
ST_4 : Operation 12 [1/1] (0.00ns)   --->   "call void (...)* @_ssdm_op_SpecBitsMap(i32* %OUTPUTS), !map !86"
ST_4 : Operation 13 [1/1] (0.00ns)   --->   "call void (...)* @_ssdm_op_SpecBitsMap(i32* %p3), !map !90"
ST_4 : Operation 14 [1/1] (0.00ns)   --->   "call void (...)* @_ssdm_op_SpecDataflowPipeline(i32 -1, [1 x i8]* @p_str4) nounwind" [ANN/ANN.cpp:8]
ST_4 : Operation 15 [1/1] (0.00ns)   --->   "call void (...)* @_ssdm_op_SpecBitsMap([9 x i32]* %layerWeigth_V), !map !96"
ST_4 : Operation 16 [1/1] (0.00ns)   --->   "call void (...)* @_ssdm_op_SpecBitsMap([3 x i32]* %bias_V), !map !101"
ST_4 : Operation 17 [1/1] (0.00ns)   --->   "call void (...)* @_ssdm_op_SpecBitsMap([3 x i32]* %outputLayerWeigth_V), !map !106"
ST_4 : Operation 18 [1/1] (0.00ns)   --->   "call void (...)* @_ssdm_op_SpecBitsMap([1 x i32]* %outputLayerBias_V), !map !110"
ST_4 : Operation 19 [1/1] (0.00ns)   --->   "call void (...)* @_ssdm_op_SpecTopModule([7 x i8]* @TOPANN_str) nounwind"
ST_4 : Operation 20 [1/1] (0.00ns)   --->   "call void (...)* @_ssdm_op_SpecInterface(i32* %OUTPUTS, [6 x i8]* @p_str, i32 0, i32 0, [1 x i8]* @p_str4, i32 0, i32 1, [8 x i8]* @p_str5, [6 x i8]* @p_str6, [1 x i8]* @p_str4, i32 16, i32 16, i32 16, i32 16, [1 x i8]* @p_str4, [1 x i8]* @p_str4) nounwind" [ANN/ANN.cpp:8]
ST_4 : Operation 21 [1/1] (0.00ns)   --->   "call void (...)* @_ssdm_op_SpecInterface(i32 %result_V, [10 x i8]* @mode2, i32 0, i32 0, [1 x i8]* @p_str4, i32 0, i32 1, [1 x i8]* @bundle3, [6 x i8]* @p_str6, [1 x i8]* @p_str4, i32 16, i32 16, i32 16, i32 16, [1 x i8]* @p_str4, [1 x i8]* @p_str4) nounwind" [ANN/ANN.cpp:8]
ST_4 : Operation 22 [1/1] (0.00ns)   --->   "%empty = call i32 (...)* @_ssdm_op_SpecMemCore([1 x i32]* %outputLayerBias_V, [1 x i8]* @p_str36, [7 x i8]* @RAM_1P_str, [1 x i8]* @p_str36, i32 -1, [1 x i8]* @p_str36, [1 x i8]* @p_str36, [1 x i8]* @p_str36, [1 x i8]* @p_str36, [1 x i8]* @p_str36)"
ST_4 : Operation 23 [1/1] (0.00ns)   --->   "call void (...)* @_ssdm_op_SpecInterface([1 x i32]* %outputLayerBias_V, [10 x i8]* @p_str7, i32 0, i32 0, [1 x i8]* @p_str4, i32 0, i32 0, [1 x i8]* @p_str4, [1 x i8]* @p_str4, [1 x i8]* @p_str4, i32 0, i32 0, i32 0, i32 0, [1 x i8]* @p_str4, [1 x i8]* @p_str4) nounwind"
ST_4 : Operation 24 [1/1] (0.00ns)   --->   "%empty_28 = call i32 (...)* @_ssdm_op_SpecMemCore([3 x i32]* %outputLayerWeigth_V, [1 x i8]* @p_str35, [7 x i8]* @RAM_1P_str, [1 x i8]* @p_str35, i32 -1, [1 x i8]* @p_str35, [1 x i8]* @p_str35, [1 x i8]* @p_str35, [1 x i8]* @p_str35, [1 x i8]* @p_str35)"
ST_4 : Operation 25 [1/1] (0.00ns)   --->   "call void (...)* @_ssdm_op_SpecInterface([3 x i32]* %outputLayerWeigth_V, [10 x i8]* @p_str7, i32 0, i32 0, [1 x i8]* @p_str4, i32 0, i32 0, [1 x i8]* @p_str4, [1 x i8]* @p_str4, [1 x i8]* @p_str4, i32 0, i32 0, i32 0, i32 0, [1 x i8]* @p_str4, [1 x i8]* @p_str4)"
ST_4 : Operation 26 [1/1] (0.00ns)   --->   "%empty_29 = call i32 (...)* @_ssdm_op_SpecMemCore([3 x i32]* %bias_V, [1 x i8]* @p_str34, [7 x i8]* @RAM_1P_str, [1 x i8]* @p_str34, i32 -1, [1 x i8]* @p_str34, [1 x i8]* @p_str34, [1 x i8]* @p_str34, [1 x i8]* @p_str34, [1 x i8]* @p_str34)"
ST_4 : Operation 27 [1/1] (0.00ns)   --->   "call void (...)* @_ssdm_op_SpecInterface([3 x i32]* %bias_V, [10 x i8]* @p_str7, i32 0, i32 0, [1 x i8]* @p_str4, i32 0, i32 0, [1 x i8]* @p_str4, [1 x i8]* @p_str4, [1 x i8]* @p_str4, i32 0, i32 0, i32 0, i32 0, [1 x i8]* @p_str4, [1 x i8]* @p_str4)"
ST_4 : Operation 28 [1/1] (0.00ns)   --->   "%empty_30 = call i32 (...)* @_ssdm_op_SpecMemCore([9 x i32]* %layerWeigth_V, [1 x i8]* @p_str33, [7 x i8]* @RAM_1P_str, [1 x i8]* @p_str33, i32 -1, [1 x i8]* @p_str33, [1 x i8]* @p_str33, [1 x i8]* @p_str33, [1 x i8]* @p_str33, [1 x i8]* @p_str33)"
ST_4 : Operation 29 [1/1] (0.00ns)   --->   "call void (...)* @_ssdm_op_SpecInterface([9 x i32]* %layerWeigth_V, [10 x i8]* @p_str7, i32 0, i32 0, [1 x i8]* @p_str4, i32 0, i32 0, [1 x i8]* @p_str4, [1 x i8]* @p_str4, [1 x i8]* @p_str4, i32 0, i32 0, i32 0, i32 0, [1 x i8]* @p_str4, [1 x i8]* @p_str4)"
ST_4 : Operation 30 [1/1] (0.00ns)   --->   "call void (...)* @_ssdm_op_SpecInterface(i32 0, [10 x i8]* @p_str7, i32 0, i32 0, [1 x i8]* @p_str4, i32 0, i32 0, [1 x i8]* @p_str4, [1 x i8]* @p_str4, [1 x i8]* @p_str4, i32 0, i32 0, i32 0, i32 0, [1 x i8]* @p_str4, [1 x i8]* @p_str4) nounwind" [ANN/ANN.cpp:8]
ST_4 : Operation 31 [1/1] (0.00ns)   --->   "call void (...)* @_ssdm_op_SpecInterface(i32* %p3, [6 x i8]* @p_str, i32 0, i32 0, [1 x i8]* @p_str4, i32 0, i32 3, [2 x i8]* @p_str8, [6 x i8]* @p_str6, [1 x i8]* @p_str4, i32 16, i32 16, i32 16, i32 16, [1 x i8]* @p_str4, [1 x i8]* @p_str4) nounwind" [ANN/ANN.cpp:8]
ST_4 : Operation 32 [1/1] (0.00ns)   --->   "call void (...)* @_ssdm_op_SpecInterface(i32 %inputs_V, [10 x i8]* @mode, i32 0, i32 0, [1 x i8]* @p_str4, i32 0, i32 3, [1 x i8]* @bundle, [6 x i8]* @p_str6, [1 x i8]* @p_str4, i32 16, i32 16, i32 16, i32 16, [1 x i8]* @p_str4, [1 x i8]* @p_str4) nounwind" [ANN/ANN.cpp:8]
ST_4 : Operation 33 [1/1] (0.00ns)   --->   "%empty_31 = call i32 (...)* @_ssdm_op_SpecChannel([11 x i8]* @result_OC_V_c_str, i32 1, [1 x i8]* @p_str19, [1 x i8]* @p_str19, i32 1, i32 0, i32* %result_V_c, i32* %result_V_c)"
ST_4 : Operation 34 [1/1] (0.00ns)   --->   "call void (...)* @_ssdm_op_SpecInterface(i32* %result_V_c, [8 x i8]* @ap_fifo_str, i32 0, i32 0, [1 x i8]* @p_str20, i32 0, i32 0, [1 x i8]* @p_str21, [1 x i8]* @p_str22, [1 x i8]* @p_str23, i32 2, i32 2, i32 16, i32 16, [1 x i8]* @p_str24, [1 x i8]* @p_str25)"
ST_4 : Operation 35 [1/2] (0.00ns)   --->   "call fastcc void @Loop_neuronLoop_proc([3 x i32]* nocapture %bias_V, [9 x i32]* nocapture %layerWeigth_V, [3 x i32]* nocapture %Ainputs, [3 x i32]* nocapture %outputLayerWeigth_V, [1 x i32]* nocapture %outputLayerBias_V, i32* %OUTPUTS, i32* nocapture %result_V_c)"   --->   Core 0 '' <Latency = 0> <II = 1> <Delay = 1.00> <Generic> <Opcode : >
ST_4 : Operation 36 [1/1] (0.00ns)   --->   "ret void" [ANN/ANN.cpp:60]


============================================================
+ Verbose Summary: Timing violations
============================================================
Target clock period: 10ns, clock uncertainty: 1.25ns.

 <State 1>: 4.63ns
The critical path consists of the following:
	s_axi read on port 'result_V' [10]  (1 ns)
	'call' operation to 'Loop_memcpy.Ainputs.8' [37]  (3.63 ns)

 <State 2>: 0ns
The critical path consists of the following:

 <State 3>: 0ns
The critical path consists of the following:

 <State 4>: 0ns
The critical path consists of the following:


============================================================
+ Verbose Summary: Binding
============================================================
N/A
* FSMD analyzer results:
  - Output states:
 - Input state : 
  - Chain level:
	State 1
	State 2
	State 3
	State 4


============================================================
+ Verbose Summary: Datapath Resource usage 
============================================================
N/A
